# JRE version: OpenJDK Runtime Environment Temurin-17.0.2+8 (17.0.2+8) (build 17.0.2+8)
# Java VM: OpenJDK 64-Bit Server VM Temurin-17.0.2+8 (17.0.2+8, mixed mode, tiered, compressed oops, compressed class ptrs, parallel gc, windows-amd64)
GC Precious Log:
 CPUs: 4 total, 4 available
 Memory: 7856M
 Large Page Support: Disabled
 NUMA Support: Disabled
 Compressed Oops: Enabled (32-bit)
 Alignments: Space 512K, Generation 512K, Heap 2M
 Heap Min Capacity: 100M
 Heap Initial Capacity: 100M
 Heap Max Capacity: 1G
 Pre-touch: Disabled
 Parallel Workers: 4
Heap:
 PSYoungGen      total 25088K, used 16737K [0x00000000eab00000, 0x00000000ec800000, 0x0000000100000000)
  eden space 22016K, 62% used [0x00000000eab00000,0x00000000eb885570,0x00000000ec080000)
  from space 3072K, 94% used [0x00000000ec500000,0x00000000ec7d31e0,0x00000000ec800000)
  to   space 3072K, 0% used [0x00000000ec200000,0x00000000ec200000,0x00000000ec500000)
 ParOldGen       total 68608K, used 27023K [0x00000000c0000000, 0x00000000c4300000, 0x00000000eab00000)
  object space 68608K, 39% used [0x00000000c0000000,0x00000000c1a63fb8,0x00000000c4300000)
 Metaspace       used 48742K, committed 49536K, reserved 1097728K
  class space    used 5323K, committed 5696K, reserved 1048576K
GC Heap History (20 events):
Event: 6.467 GC heap before
{Heap before GC invocations=5 (full 1):
 PSYoungGen      total 29696K, used 25600K [0x00000000eab00000, 0x00000000ecc00000, 0x0000000100000000)
  eden space 25600K, 100% used [0x00000000eab00000,0x00000000ec400000,0x00000000ec400000)
  from space 4096K, 0% used [0x00000000ec400000,0x00000000ec400000,0x00000000ec800000)
  to   space 4096K, 0% used [0x00000000ec800000,0x00000000ec800000,0x00000000ecc00000)
 ParOldGen       total 68608K, used 9845K [0x00000000c0000000, 0x00000000c4300000, 0x00000000eab00000)
  object space 68608K, 14% used [0x00000000c0000000,0x00000000c099d5d8,0x00000000c4300000)
 Metaspace       used 27862K, committed 28352K, reserved 1081344K
  class space    used 2708K, committed 2944K, reserved 1048576K
}
Event: 6.469 GC heap after
{Heap after GC invocations=5 (full 1):
 PSYoungGen      total 29696K, used 1243K [0x00000000eab00000, 0x00000000ecc00000, 0x0000000100000000)
  eden space 25600K, 0% used [0x00000000eab00000,0x00000000eab00000,0x00000000ec400000)
  from space 4096K, 30% used [0x00000000ec800000,0x00000000ec936f38,0x00000000ecc00000)
  to   space 4096K, 0% used [0x00000000ec400000,0x00000000ec400000,0x00000000ec800000)
 ParOldGen       total 68608K, used 9853K [0x00000000c0000000, 0x00000000c4300000, 0x00000000eab00000)
  object space 68608K, 14% used [0x00000000c0000000,0x00000000c099f5d8,0x00000000c4300000)
 Metaspace       used 27862K, committed 28352K, reserved 1081344K
  class space    used 2708K, committed 2944K, reserved 1048576K
}
Event: 8.030 GC heap before
{Heap before GC invocations=6 (full 1):
 PSYoungGen      total 29696K, used 24075K [0x00000000eab00000, 0x00000000ecc00000, 0x0000000100000000)
  eden space 25600K, 89% used [0x00000000eab00000,0x00000000ec14c080,0x00000000ec400000)
  from space 4096K, 30% used [0x00000000ec800000,0x00000000ec936f38,0x00000000ecc00000)
  to   space 4096K, 0% used [0x00000000ec400000,0x00000000ec400000,0x00000000ec800000)
 ParOldGen       total 68608K, used 9853K [0x00000000c0000000, 0x00000000c4300000, 0x00000000eab00000)
  object space 68608K, 14% used [0x00000000c0000000,0x00000000c099f5d8,0x00000000c4300000)
 Metaspace       used 35106K, committed 35840K, reserved 1081344K
  class space    used 3671K, committed 4032K, reserved 1048576K
}
Event: 8.034 GC heap after
{Heap after GC invocations=6 (full 1):
 PSYoungGen      total 29696K, used 4086K [0x00000000eab00000, 0x00000000ece00000, 0x0000000100000000)
  eden space 25600K, 0% used [0x00000000eab00000,0x00000000eab00000,0x00000000ec400000)
  from space 4096K, 99% used [0x00000000ec400000,0x00000000ec7fda88,0x00000000ec800000)
  to   space 5120K, 0% used [0x00000000ec900000,0x00000000ec900000,0x00000000ece00000)
 ParOldGen       total 68608K, used 9941K [0x00000000c0000000, 0x00000000c4300000, 0x00000000eab00000)
  object space 68608K, 14% used [0x00000000c0000000,0x00000000c09b55d8,0x00000000c4300000)
 Metaspace       used 35106K, committed 35840K, reserved 1081344K
  class space    used 3671K, committed 4032K, reserved 1048576K
}
Event: 8.034 GC heap before
{Heap before GC invocations=7 (full 2):
 PSYoungGen      total 29696K, used 4086K [0x00000000eab00000, 0x00000000ece00000, 0x0000000100000000)
  eden space 25600K, 0% used [0x00000000eab00000,0x00000000eab00000,0x00000000ec400000)
  from space 4096K, 99% used [0x00000000ec400000,0x00000000ec7fda88,0x00000000ec800000)
  to   space 5120K, 0% used [0x00000000ec900000,0x00000000ec900000,0x00000000ece00000)
 ParOldGen       total 68608K, used 9941K [0x00000000c0000000, 0x00000000c4300000, 0x00000000eab00000)
  object space 68608K, 14% used [0x00000000c0000000,0x00000000c09b55d8,0x00000000c4300000)
 Metaspace       used 35106K, committed 35840K, reserved 1081344K
  class space    used 3671K, committed 4032K, reserved 1048576K
}
Event: 8.065 GC heap after
{Heap after GC invocations=7 (full 2):
 PSYoungGen      total 29696K, used 0K [0x00000000eab00000, 0x00000000ece00000, 0x0000000100000000)
  eden space 25600K, 0% used [0x00000000eab00000,0x00000000eab00000,0x00000000ec400000)
  from space 4096K, 0% used [0x00000000ec400000,0x00000000ec400000,0x00000000ec800000)
  to   space 5120K, 0% used [0x00000000ec900000,0x00000000ec900000,0x00000000ece00000)
 ParOldGen       total 68608K, used 12710K [0x00000000c0000000, 0x00000000c4300000, 0x00000000eab00000)
  object space 68608K, 18% used [0x00000000c0000000,0x00000000c0c69b08,0x00000000c4300000)
 Metaspace       used 35106K, committed 35840K, reserved 1081344K
  class space    used 3671K, committed 4032K, reserved 1048576K
}
Event: 9.601 GC heap before
{Heap before GC invocations=8 (full 2):
 PSYoungGen      total 29696K, used 25600K [0x00000000eab00000, 0x00000000ece00000, 0x0000000100000000)
  eden space 25600K, 100% used [0x00000000eab00000,0x00000000ec400000,0x00000000ec400000)
  from space 4096K, 0% used [0x00000000ec400000,0x00000000ec400000,0x00000000ec800000)
  to   space 5120K, 0% used [0x00000000ec900000,0x00000000ec900000,0x00000000ece00000)
 ParOldGen       total 68608K, used 12710K [0x00000000c0000000, 0x00000000c4300000, 0x00000000eab00000)
  object space 68608K, 18% used [0x00000000c0000000,0x00000000c0c69b08,0x00000000c4300000)
 Metaspace       used 39579K, committed 40256K, reserved 1089536K
  class space    used 4240K, committed 4544K, reserved 1048576K
}
Event: 9.606 GC heap after
{Heap after GC invocations=8 (full 2):
 PSYoungGen      total 27648K, used 2122K [0x00000000eab00000, 0x00000000ecb80000, 0x0000000100000000)
  eden space 25088K, 0% used [0x00000000eab00000,0x00000000eab00000,0x00000000ec380000)
  from space 2560K, 82% used [0x00000000ec900000,0x00000000ecb12ab8,0x00000000ecb80000)
  to   space 3072K, 0% used [0x00000000ec580000,0x00000000ec580000,0x00000000ec880000)
 ParOldGen       total 68608K, used 12718K [0x00000000c0000000, 0x00000000c4300000, 0x00000000eab00000)
  object space 68608K, 18% used [0x00000000c0000000,0x00000000c0c6bb08,0x00000000c4300000)
 Metaspace       used 39579K, committed 40256K, reserved 1089536K
  class space    used 4240K, committed 4544K, reserved 1048576K
}
Event: 10.567 GC heap before
{Heap before GC invocations=9 (full 2):
 PSYoungGen      total 27648K, used 27210K [0x00000000eab00000, 0x00000000ecb80000, 0x0000000100000000)
  eden space 25088K, 100% used [0x00000000eab00000,0x00000000ec380000,0x00000000ec380000)
  from space 2560K, 82% used [0x00000000ec900000,0x00000000ecb12ab8,0x00000000ecb80000)
  to   space 3072K, 0% used [0x00000000ec580000,0x00000000ec580000,0x00000000ec880000)
 ParOldGen       total 68608K, used 12718K [0x00000000c0000000, 0x00000000c4300000, 0x00000000eab00000)
  object space 68608K, 18% used [0x00000000c0000000,0x00000000c0c6bb08,0x00000000c4300000)
 Metaspace       used 41451K, committed 42112K, reserved 1089536K
  class space    used 4479K, committed 4800K, reserved 1048576K
}
Event: 10.573 GC heap after
{Heap after GC invocations=9 (full 2):
 PSYoungGen      total 27648K, used 3051K [0x00000000eab00000, 0x00000000ecc00000, 0x0000000100000000)
  eden space 24576K, 0% used [0x00000000eab00000,0x00000000eab00000,0x00000000ec300000)
  from space 3072K, 99% used [0x00000000ec580000,0x00000000ec87ae20,0x00000000ec880000)
  to   space 3584K, 0% used [0x00000000ec880000,0x00000000ec880000,0x00000000ecc00000)
 ParOldGen       total 68608K, used 13883K [0x00000000c0000000, 0x00000000c4300000, 0x00000000eab00000)
  object space 68608K, 20% used [0x00000000c0000000,0x00000000c0d8ee70,0x00000000c4300000)
 Metaspace       used 41451K, committed 42112K, reserved 1089536K
  class space    used 4479K, committed 4800K, reserved 1048576K
}
Event: 11.288 GC heap before
{Heap before GC invocations=10 (full 2):
 PSYoungGen      total 27648K, used 27627K [0x00000000eab00000, 0x00000000ecc00000, 0x0000000100000000)
  eden space 24576K, 100% used [0x00000000eab00000,0x00000000ec300000,0x00000000ec300000)
  from space 3072K, 99% used [0x00000000ec580000,0x00000000ec87ae20,0x00000000ec880000)
  to   space 3584K, 0% used [0x00000000ec880000,0x00000000ec880000,0x00000000ecc00000)
 ParOldGen       total 68608K, used 13883K [0x00000000c0000000, 0x00000000c4300000, 0x00000000eab00000)
  object space 68608K, 20% used [0x00000000c0000000,0x00000000c0d8ee70,0x00000000c4300000)
 Metaspace       used 42418K, committed 43072K, reserved 1089536K
  class space    used 4591K, committed 4928K, reserved 1048576K
}
Event: 11.304 GC heap after
{Heap after GC invocations=10 (full 2):
 PSYoungGen      total 27648K, used 3563K [0x00000000eab00000, 0x00000000ecd80000, 0x0000000100000000)
  eden space 24064K, 0% used [0x00000000eab00000,0x00000000eab00000,0x00000000ec280000)
  from space 3584K, 99% used [0x00000000ec880000,0x00000000ecbfae20,0x00000000ecc00000)
  to   space 5632K, 0% used [0x00000000ec280000,0x00000000ec280000,0x00000000ec800000)
 ParOldGen       total 68608K, used 15615K [0x00000000c0000000, 0x00000000c4300000, 0x00000000eab00000)
  object space 68608K, 22% used [0x00000000c0000000,0x00000000c0f3ff30,0x00000000c4300000)
 Metaspace       used 42418K, committed 43072K, reserved 1089536K
  class space    used 4591K, committed 4928K, reserved 1048576K
}
Event: 11.802 GC heap before
{Heap before GC invocations=11 (full 2):
 PSYoungGen      total 27648K, used 27627K [0x00000000eab00000, 0x00000000ecd80000, 0x0000000100000000)
  eden space 24064K, 100% used [0x00000000eab00000,0x00000000ec280000,0x00000000ec280000)
  from space 3584K, 99% used [0x00000000ec880000,0x00000000ecbfae20,0x00000000ecc00000)
  to   space 5632K, 0% used [0x00000000ec280000,0x00000000ec280000,0x00000000ec800000)
 ParOldGen       total 68608K, used 15615K [0x00000000c0000000, 0x00000000c4300000, 0x00000000eab00000)
  object space 68608K, 22% used [0x00000000c0000000,0x00000000c0f3ff30,0x00000000c4300000)
 Metaspace       used 43156K, committed 43776K, reserved 1089536K
  class space    used 4686K, committed 4992K, reserved 1048576K
}
Event: 11.809 GC heap after
{Heap after GC invocations=11 (full 2):
 PSYoungGen      total 28672K, used 5056K [0x00000000eab00000, 0x00000000ecd00000, 0x0000000100000000)
  eden space 23552K, 0% used [0x00000000eab00000,0x00000000eab00000,0x00000000ec200000)
  from space 5120K, 98% used [0x00000000ec280000,0x00000000ec770030,0x00000000ec780000)
  to   space 5632K, 0% used [0x00000000ec780000,0x00000000ec780000,0x00000000ecd00000)
 ParOldGen       total 68608K, used 17024K [0x00000000c0000000, 0x00000000c4300000, 0x00000000eab00000)
  object space 68608K, 24% used [0x00000000c0000000,0x00000000c10a0388,0x00000000c4300000)
 Metaspace       used 43156K, committed 43776K, reserved 1089536K
  class space    used 4686K, committed 4992K, reserved 1048576K
}
Event: 11.978 GC heap before
{Heap before GC invocations=12 (full 2):
 PSYoungGen      total 28672K, used 28608K [0x00000000eab00000, 0x00000000ecd00000, 0x0000000100000000)
  eden space 23552K, 100% used [0x00000000eab00000,0x00000000ec200000,0x00000000ec200000)
  from space 5120K, 98% used [0x00000000ec280000,0x00000000ec770030,0x00000000ec780000)
  to   space 5632K, 0% used [0x00000000ec780000,0x00000000ec780000,0x00000000ecd00000)
 ParOldGen       total 68608K, used 17024K [0x00000000c0000000, 0x00000000c4300000, 0x00000000eab00000)
  object space 68608K, 24% used [0x00000000c0000000,0x00000000c10a0388,0x00000000c4300000)
 Metaspace       used 43567K, committed 44288K, reserved 1089536K
  class space    used 4747K, committed 5056K, reserved 1048576K
}
Event: 11.987 GC heap after
{Heap after GC invocations=12 (full 2):
 PSYoungGen      total 28672K, used 5536K [0x00000000eab00000, 0x00000000ecd00000, 0x0000000100000000)
  eden space 23040K, 0% used [0x00000000eab00000,0x00000000eab00000,0x00000000ec180000)
  from space 5632K, 98% used [0x00000000ec780000,0x00000000ecce8020,0x00000000ecd00000)
  to   space 5632K, 0% used [0x00000000ec200000,0x00000000ec200000,0x00000000ec780000)
 ParOldGen       total 68608K, used 19160K [0x00000000c0000000, 0x00000000c4300000, 0x00000000eab00000)
  object space 68608K, 27% used [0x00000000c0000000,0x00000000c12b63a8,0x00000000c4300000)
 Metaspace       used 43567K, committed 44288K, reserved 1089536K
  class space    used 4747K, committed 5056K, reserved 1048576K
}
Event: 12.139 GC heap before
{Heap before GC invocations=13 (full 2):
 PSYoungGen      total 28672K, used 28576K [0x00000000eab00000, 0x00000000ecd00000, 0x0000000100000000)
  eden space 23040K, 100% used [0x00000000eab00000,0x00000000ec180000,0x00000000ec180000)
  from space 5632K, 98% used [0x00000000ec780000,0x00000000ecce8020,0x00000000ecd00000)
  to   space 5632K, 0% used [0x00000000ec200000,0x00000000ec200000,0x00000000ec780000)
 ParOldGen       total 68608K, used 19160K [0x00000000c0000000, 0x00000000c4300000, 0x00000000eab00000)
  object space 68608K, 27% used [0x00000000c0000000,0x00000000c12b63a8,0x00000000c4300000)
 Metaspace       used 43890K, committed 44608K, reserved 1089536K
  class space    used 4795K, committed 5120K, reserved 1048576K
}
Event: 12.157 GC heap after
{Heap after GC invocations=13 (full 2):
 PSYoungGen      total 25088K, used 2528K [0x00000000eab00000, 0x00000000ec900000, 0x0000000100000000)
  eden space 22528K, 0% used [0x00000000eab00000,0x00000000eab00000,0x00000000ec100000)
  from space 2560K, 98% used [0x00000000ec200000,0x00000000ec478010,0x00000000ec480000)
  to   space 4096K, 0% used [0x00000000ec500000,0x00000000ec500000,0x00000000ec900000)
 ParOldGen       total 68608K, used 24519K [0x00000000c0000000, 0x00000000c4300000, 0x00000000eab00000)
  object space 68608K, 35% used [0x00000000c0000000,0x00000000c17f1fa8,0x00000000c4300000)
 Metaspace       used 43890K, committed 44608K, reserved 1089536K
  class space    used 4795K, committed 5120K, reserved 1048576K
}
Event: 13.043 GC heap before
{Heap before GC invocations=14 (full 2):
 PSYoungGen      total 25088K, used 25056K [0x00000000eab00000, 0x00000000ec900000, 0x0000000100000000)
  eden space 22528K, 100% used [0x00000000eab00000,0x00000000ec100000,0x00000000ec100000)
  from space 2560K, 98% used [0x00000000ec200000,0x00000000ec478010,0x00000000ec480000)
  to   space 4096K, 0% used [0x00000000ec500000,0x00000000ec500000,0x00000000ec900000)
 ParOldGen       total 68608K, used 24519K [0x00000000c0000000, 0x00000000c4300000, 0x00000000eab00000)
  object space 68608K, 35% used [0x00000000c0000000,0x00000000c17f1fa8,0x00000000c4300000)
 Metaspace       used 45872K, committed 46656K, reserved 1097728K
  class space    used 5006K, committed 5376K, reserved 1048576K
}
Event: 13.053 GC heap after
{Heap after GC invocations=14 (full 2):
 PSYoungGen      total 25088K, used 2892K [0x00000000eab00000, 0x00000000ec800000, 0x0000000100000000)
  eden space 22016K, 0% used [0x00000000eab00000,0x00000000eab00000,0x00000000ec080000)
  from space 3072K, 94% used [0x00000000ec500000,0x00000000ec7d31e0,0x00000000ec800000)
  to   space 3072K, 0% used [0x00000000ec200000,0x00000000ec200000,0x00000000ec500000)
 ParOldGen       total 68608K, used 27023K [0x00000000c0000000, 0x00000000c4300000, 0x00000000eab00000)
  object space 68608K, 39% used [0x00000000c0000000,0x00000000c1a63fb8,0x00000000c4300000)
 Metaspace       used 45872K, committed 46656K, reserved 1097728K
  class space    used 5006K, committed 5376K, reserved 1048576K
}

