# JRE version: OpenJDK Runtime Environment Temurin-17.0.2+8 (17.0.2+8) (build 17.0.2+8)
# Java VM: OpenJDK 64-Bit Server VM Temurin-17.0.2+8 (17.0.2+8, mixed mode, emulated-client, tiered, compressed oops, compressed class ptrs, g1 gc, windows-amd64)
GC Precious Log:
 CPUs: 4 total, 4 available
 Memory: 7856M
 Large Page Support: Disabled
 NUMA Support: Disabled
 Compressed Oops: Enabled (32-bit)
 Heap Region Size: 1M
 Heap Min Capacity: 8M
 Heap Initial Capacity: 124M
 Heap Max Capacity: 1966M
 Pre-touch: Disabled
 Parallel Workers: 4
 Concurrent Workers: 1
 Concurrent Refinement Workers: 4
 Periodic GC: Disabled
Heap:
 garbage-first heap   total 68608K, used 20253K [0x0000000085200000, 0x0000000100000000)
  region size 1024K, 1 young (1024K), 0 survivors (0K)
 Metaspace       used 40013K, committed 40384K, reserved 1089536K
  class space    used 5078K, committed 5248K, reserved 1048576K
GC Heap History (20 events):
Event: 2097.053 GC heap before
{Heap before GC invocations=160 (full 85):
 garbage-first heap   total 68608K, used 20253K [0x0000000085200000, 0x0000000100000000)
  region size 1024K, 1 young (1024K), 0 survivors (0K)
 Metaspace       used 40013K, committed 40384K, reserved 1089536K
  class space    used 5078K, committed 5248K, reserved 1048576K
}
Event: 2097.107 GC heap after
{Heap after GC invocations=161 (full 86):
 garbage-first heap   total 68608K, used 20253K [0x0000000085200000, 0x0000000100000000)
  region size 1024K, 0 young (0K), 0 survivors (0K)
 Metaspace       used 40013K, committed 40384K, reserved 1089536K
  class space    used 5078K, committed 5248K, reserved 1048576K
}
Event: 2107.293 GC heap before
{Heap before GC invocations=161 (full 86):
 garbage-first heap   total 68608K, used 20253K [0x0000000085200000, 0x0000000100000000)
  region size 1024K, 1 young (1024K), 0 survivors (0K)
 Metaspace       used 40013K, committed 40384K, reserved 1089536K
  class space    used 5078K, committed 5248K, reserved 1048576K
}
Event: 2107.337 GC heap after
{Heap after GC invocations=162 (full 87):
 garbage-first heap   total 68608K, used 20253K [0x0000000085200000, 0x0000000100000000)
  region size 1024K, 0 young (0K), 0 survivors (0K)
 Metaspace       used 40013K, committed 40384K, reserved 1089536K
  class space    used 5078K, committed 5248K, reserved 1048576K
}
Event: 2117.537 GC heap before
{Heap before GC invocations=162 (full 87):
 garbage-first heap   total 68608K, used 20253K [0x0000000085200000, 0x0000000100000000)
  region size 1024K, 1 young (1024K), 0 survivors (0K)
 Metaspace       used 40013K, committed 40384K, reserved 1089536K
  class space    used 5078K, committed 5248K, reserved 1048576K
}
Event: 2117.586 GC heap after
{Heap after GC invocations=163 (full 88):
 garbage-first heap   total 68608K, used 20253K [0x0000000085200000, 0x0000000100000000)
  region size 1024K, 0 young (0K), 0 survivors (0K)
 Metaspace       used 40013K, committed 40384K, reserved 1089536K
  class space    used 5078K, committed 5248K, reserved 1048576K
}
Event: 2127.770 GC heap before
{Heap before GC invocations=163 (full 88):
 garbage-first heap   total 68608K, used 20253K [0x0000000085200000, 0x0000000100000000)
  region size 1024K, 1 young (1024K), 0 survivors (0K)
 Metaspace       used 40013K, committed 40384K, reserved 1089536K
  class space    used 5078K, committed 5248K, reserved 1048576K
}
Event: 2127.808 GC heap after
{Heap after GC invocations=164 (full 89):
 garbage-first heap   total 68608K, used 20253K [0x0000000085200000, 0x0000000100000000)
  region size 1024K, 0 young (0K), 0 survivors (0K)
 Metaspace       used 40013K, committed 40384K, reserved 1089536K
  class space    used 5078K, committed 5248K, reserved 1048576K
}
Event: 2138.061 GC heap before
{Heap before GC invocations=164 (full 89):
 garbage-first heap   total 68608K, used 20253K [0x0000000085200000, 0x0000000100000000)
  region size 1024K, 1 young (1024K), 0 survivors (0K)
 Metaspace       used 40013K, committed 40384K, reserved 1089536K
  class space    used 5078K, committed 5248K, reserved 1048576K
}
Event: 2138.112 GC heap after
{Heap after GC invocations=165 (full 90):
 garbage-first heap   total 68608K, used 20253K [0x0000000085200000, 0x0000000100000000)
  region size 1024K, 0 young (0K), 0 survivors (0K)
 Metaspace       used 40013K, committed 40384K, reserved 1089536K
  class space    used 5078K, committed 5248K, reserved 1048576K
}
Event: 2148.395 GC heap before
{Heap before GC invocations=165 (full 90):
 garbage-first heap   total 68608K, used 20253K [0x0000000085200000, 0x0000000100000000)
  region size 1024K, 1 young (1024K), 0 survivors (0K)
 Metaspace       used 40013K, committed 40384K, reserved 1089536K
  class space    used 5078K, committed 5248K, reserved 1048576K
}
Event: 2148.450 GC heap after
{Heap after GC invocations=166 (full 91):
 garbage-first heap   total 68608K, used 20253K [0x0000000085200000, 0x0000000100000000)
  region size 1024K, 0 young (0K), 0 survivors (0K)
 Metaspace       used 40013K, committed 40384K, reserved 1089536K
  class space    used 5078K, committed 5248K, reserved 1048576K
}
Event: 2158.611 GC heap before
{Heap before GC invocations=166 (full 91):
 garbage-first heap   total 68608K, used 20253K [0x0000000085200000, 0x0000000100000000)
  region size 1024K, 1 young (1024K), 0 survivors (0K)
 Metaspace       used 40013K, committed 40384K, reserved 1089536K
  class space    used 5078K, committed 5248K, reserved 1048576K
}
Event: 2158.652 GC heap after
{Heap after GC invocations=167 (full 92):
 garbage-first heap   total 68608K, used 20253K [0x0000000085200000, 0x0000000100000000)
  region size 1024K, 0 young (0K), 0 survivors (0K)
 Metaspace       used 40013K, committed 40384K, reserved 1089536K
  class space    used 5078K, committed 5248K, reserved 1048576K
}
Event: 2168.839 GC heap before
{Heap before GC invocations=167 (full 92):
 garbage-first heap   total 68608K, used 20253K [0x0000000085200000, 0x0000000100000000)
  region size 1024K, 1 young (1024K), 0 survivors (0K)
 Metaspace       used 40013K, committed 40384K, reserved 1089536K
  class space    used 5078K, committed 5248K, reserved 1048576K
}
Event: 2168.895 GC heap after
{Heap after GC invocations=168 (full 93):
 garbage-first heap   total 68608K, used 20253K [0x0000000085200000, 0x0000000100000000)
  region size 1024K, 0 young (0K), 0 survivors (0K)
 Metaspace       used 40013K, committed 40384K, reserved 1089536K
  class space    used 5078K, committed 5248K, reserved 1048576K
}
Event: 2179.084 GC heap before
{Heap before GC invocations=168 (full 93):
 garbage-first heap   total 68608K, used 20253K [0x0000000085200000, 0x0000000100000000)
  region size 1024K, 1 young (1024K), 0 survivors (0K)
 Metaspace       used 40013K, committed 40384K, reserved 1089536K
  class space    used 5078K, committed 5248K, reserved 1048576K
}
Event: 2179.131 GC heap after
{Heap after GC invocations=169 (full 94):
 garbage-first heap   total 68608K, used 20253K [0x0000000085200000, 0x0000000100000000)
  region size 1024K, 0 young (0K), 0 survivors (0K)
 Metaspace       used 40013K, committed 40384K, reserved 1089536K
  class space    used 5078K, committed 5248K, reserved 1048576K
}
Event: 2189.335 GC heap before
{Heap before GC invocations=169 (full 94):
 garbage-first heap   total 68608K, used 20253K [0x0000000085200000, 0x0000000100000000)
  region size 1024K, 1 young (1024K), 0 survivors (0K)
 Metaspace       used 40013K, committed 40384K, reserved 1089536K
  class space    used 5078K, committed 5248K, reserved 1048576K
}
Event: 2189.386 GC heap after
{Heap after GC invocations=170 (full 95):
 garbage-first heap   total 68608K, used 20253K [0x0000000085200000, 0x0000000100000000)
  region size 1024K, 0 young (0K), 0 survivors (0K)
 Metaspace       used 40013K, committed 40384K, reserved 1089536K
  class space    used 5078K, committed 5248K, reserved 1048576K
}

