# JRE version: OpenJDK Runtime Environment Temurin-17.0.2+8 (17.0.2+8) (build 17.0.2+8)
# Java VM: OpenJDK 64-Bit Server VM Temurin-17.0.2+8 (17.0.2+8, mixed mode, tiered, compressed oops, compressed class ptrs, parallel gc, windows-amd64)
GC Precious Log:
 CPUs: 4 total, 4 available
 Memory: 7856M
 Large Page Support: Disabled
 NUMA Support: Disabled
 Compressed Oops: Enabled (32-bit)
 Alignments: Space 512K, Generation 512K, Heap 2M
 Heap Min Capacity: 100M
 Heap Initial Capacity: 100M
 Heap Max Capacity: 1G
 Pre-touch: Disabled
 Parallel Workers: 4
Heap:
 PSYoungGen      total 29696K, used 12393K [0x00000000eab00000, 0x00000000ed000000, 0x0000000100000000)
  eden space 23552K, 52% used [0x00000000eab00000,0x00000000eb71a6e0,0x00000000ec200000)
  from space 6144K, 0% used [0x00000000ec300000,0x00000000ec300000,0x00000000ec900000)
  to   space 7168K, 0% used [0x00000000ec900000,0x00000000ec900000,0x00000000ed000000)
 ParOldGen       total 68608K, used 22147K [0x00000000c0000000, 0x00000000c4300000, 0x00000000eab00000)
  object space 68608K, 32% used [0x00000000c0000000,0x00000000c15a0e60,0x00000000c4300000)
 Metaspace       used 39511K, committed 40192K, reserved 1089536K
  class space    used 3992K, committed 4288K, reserved 1048576K
GC Heap History (20 events):
Event: 4.137 GC heap before
{Heap before GC invocations=2 (full 0):
 PSYoungGen      total 29696K, used 21170K [0x00000000eab00000, 0x00000000ecc00000, 0x0000000100000000)
  eden space 25600K, 67% used [0x00000000eab00000,0x00000000ebbc4d98,0x00000000ec400000)
  from space 4096K, 97% used [0x00000000ec400000,0x00000000ec7e7d68,0x00000000ec800000)
  to   space 4096K, 0% used [0x00000000ec800000,0x00000000ec800000,0x00000000ecc00000)
 ParOldGen       total 68608K, used 24K [0x00000000c0000000, 0x00000000c4300000, 0x00000000eab00000)
  object space 68608K, 0% used [0x00000000c0000000,0x00000000c0006000,0x00000000c4300000)
 Metaspace       used 21103K, committed 21504K, reserved 1073152K
  class space    used 2146K, committed 2368K, reserved 1048576K
}
Event: 4.147 GC heap after
{Heap after GC invocations=2 (full 0):
 PSYoungGen      total 29696K, used 4078K [0x00000000eab00000, 0x00000000ecc00000, 0x0000000100000000)
  eden space 25600K, 0% used [0x00000000eab00000,0x00000000eab00000,0x00000000ec400000)
  from space 4096K, 99% used [0x00000000ec800000,0x00000000ecbfb9c8,0x00000000ecc00000)
  to   space 4096K, 0% used [0x00000000ec400000,0x00000000ec400000,0x00000000ec800000)
 ParOldGen       total 68608K, used 2324K [0x00000000c0000000, 0x00000000c4300000, 0x00000000eab00000)
  object space 68608K, 3% used [0x00000000c0000000,0x00000000c0245098,0x00000000c4300000)
 Metaspace       used 21103K, committed 21504K, reserved 1073152K
  class space    used 2146K, committed 2368K, reserved 1048576K
}
Event: 4.147 GC heap before
{Heap before GC invocations=3 (full 1):
 PSYoungGen      total 29696K, used 4078K [0x00000000eab00000, 0x00000000ecc00000, 0x0000000100000000)
  eden space 25600K, 0% used [0x00000000eab00000,0x00000000eab00000,0x00000000ec400000)
  from space 4096K, 99% used [0x00000000ec800000,0x00000000ecbfb9c8,0x00000000ecc00000)
  to   space 4096K, 0% used [0x00000000ec400000,0x00000000ec400000,0x00000000ec800000)
 ParOldGen       total 68608K, used 2324K [0x00000000c0000000, 0x00000000c4300000, 0x00000000eab00000)
  object space 68608K, 3% used [0x00000000c0000000,0x00000000c0245098,0x00000000c4300000)
 Metaspace       used 21103K, committed 21504K, reserved 1073152K
  class space    used 2146K, committed 2368K, reserved 1048576K
}
Event: 4.173 GC heap after
{Heap after GC invocations=3 (full 1):
 PSYoungGen      total 29696K, used 0K [0x00000000eab00000, 0x00000000ecc00000, 0x0000000100000000)
  eden space 25600K, 0% used [0x00000000eab00000,0x00000000eab00000,0x00000000ec400000)
  from space 4096K, 0% used [0x00000000ec800000,0x00000000ec800000,0x00000000ecc00000)
  to   space 4096K, 0% used [0x00000000ec400000,0x00000000ec400000,0x00000000ec800000)
 ParOldGen       total 68608K, used 6335K [0x00000000c0000000, 0x00000000c4300000, 0x00000000eab00000)
  object space 68608K, 9% used [0x00000000c0000000,0x00000000c062ffd0,0x00000000c4300000)
 Metaspace       used 21103K, committed 21504K, reserved 1073152K
  class space    used 2146K, committed 2368K, reserved 1048576K
}
Event: 6.402 GC heap before
{Heap before GC invocations=4 (full 1):
 PSYoungGen      total 29696K, used 25600K [0x00000000eab00000, 0x00000000ecc00000, 0x0000000100000000)
  eden space 25600K, 100% used [0x00000000eab00000,0x00000000ec400000,0x00000000ec400000)
  from space 4096K, 0% used [0x00000000ec800000,0x00000000ec800000,0x00000000ecc00000)
  to   space 4096K, 0% used [0x00000000ec400000,0x00000000ec400000,0x00000000ec800000)
 ParOldGen       total 68608K, used 6335K [0x00000000c0000000, 0x00000000c4300000, 0x00000000eab00000)
  object space 68608K, 9% used [0x00000000c0000000,0x00000000c062ffd0,0x00000000c4300000)
 Metaspace       used 28495K, committed 28992K, reserved 1081344K
  class space    used 2826K, committed 3072K, reserved 1048576K
}
Event: 6.407 GC heap after
{Heap after GC invocations=4 (full 1):
 PSYoungGen      total 29696K, used 1737K [0x00000000eab00000, 0x00000000ecc00000, 0x0000000100000000)
  eden space 25600K, 0% used [0x00000000eab00000,0x00000000eab00000,0x00000000ec400000)
  from space 4096K, 42% used [0x00000000ec400000,0x00000000ec5b2570,0x00000000ec800000)
  to   space 4096K, 0% used [0x00000000ec800000,0x00000000ec800000,0x00000000ecc00000)
 ParOldGen       total 68608K, used 6343K [0x00000000c0000000, 0x00000000c4300000, 0x00000000eab00000)
  object space 68608K, 9% used [0x00000000c0000000,0x00000000c0631fd0,0x00000000c4300000)
 Metaspace       used 28495K, committed 28992K, reserved 1081344K
  class space    used 2826K, committed 3072K, reserved 1048576K
}
Event: 8.253 GC heap before
{Heap before GC invocations=5 (full 1):
 PSYoungGen      total 29696K, used 27337K [0x00000000eab00000, 0x00000000ecc00000, 0x0000000100000000)
  eden space 25600K, 100% used [0x00000000eab00000,0x00000000ec400000,0x00000000ec400000)
  from space 4096K, 42% used [0x00000000ec400000,0x00000000ec5b2570,0x00000000ec800000)
  to   space 4096K, 0% used [0x00000000ec800000,0x00000000ec800000,0x00000000ecc00000)
 ParOldGen       total 68608K, used 6343K [0x00000000c0000000, 0x00000000c4300000, 0x00000000eab00000)
  object space 68608K, 9% used [0x00000000c0000000,0x00000000c0631fd0,0x00000000c4300000)
 Metaspace       used 33110K, committed 33728K, reserved 1081344K
  class space    used 3367K, committed 3712K, reserved 1048576K
}
Event: 8.258 GC heap after
{Heap after GC invocations=5 (full 1):
 PSYoungGen      total 29696K, used 4064K [0x00000000eab00000, 0x00000000ecc00000, 0x0000000100000000)
  eden space 25600K, 0% used [0x00000000eab00000,0x00000000eab00000,0x00000000ec400000)
  from space 4096K, 99% used [0x00000000ec800000,0x00000000ecbf8290,0x00000000ecc00000)
  to   space 4096K, 0% used [0x00000000ec400000,0x00000000ec400000,0x00000000ec800000)
 ParOldGen       total 68608K, used 6583K [0x00000000c0000000, 0x00000000c4300000, 0x00000000eab00000)
  object space 68608K, 9% used [0x00000000c0000000,0x00000000c066dfd0,0x00000000c4300000)
 Metaspace       used 33110K, committed 33728K, reserved 1081344K
  class space    used 3367K, committed 3712K, reserved 1048576K
}
Event: 9.116 GC heap before
{Heap before GC invocations=6 (full 1):
 PSYoungGen      total 29696K, used 29664K [0x00000000eab00000, 0x00000000ecc00000, 0x0000000100000000)
  eden space 25600K, 100% used [0x00000000eab00000,0x00000000ec400000,0x00000000ec400000)
  from space 4096K, 99% used [0x00000000ec800000,0x00000000ecbf8290,0x00000000ecc00000)
  to   space 4096K, 0% used [0x00000000ec400000,0x00000000ec400000,0x00000000ec800000)
 ParOldGen       total 68608K, used 6583K [0x00000000c0000000, 0x00000000c4300000, 0x00000000eab00000)
  object space 68608K, 9% used [0x00000000c0000000,0x00000000c066dfd0,0x00000000c4300000)
 Metaspace       used 33295K, committed 33920K, reserved 1081344K
  class space    used 3385K, committed 3712K, reserved 1048576K
}
Event: 9.124 GC heap after
{Heap after GC invocations=6 (full 1):
 PSYoungGen      total 29184K, used 4067K [0x00000000eab00000, 0x00000000ed180000, 0x0000000100000000)
  eden space 25088K, 0% used [0x00000000eab00000,0x00000000eab00000,0x00000000ec380000)
  from space 4096K, 99% used [0x00000000ec400000,0x00000000ec7f8f78,0x00000000ec800000)
  to   space 7168K, 0% used [0x00000000eca80000,0x00000000eca80000,0x00000000ed180000)
 ParOldGen       total 68608K, used 8972K [0x00000000c0000000, 0x00000000c4300000, 0x00000000eab00000)
  object space 68608K, 13% used [0x00000000c0000000,0x00000000c08c3230,0x00000000c4300000)
 Metaspace       used 33295K, committed 33920K, reserved 1081344K
  class space    used 3385K, committed 3712K, reserved 1048576K
}
Event: 9.605 GC heap before
{Heap before GC invocations=7 (full 1):
 PSYoungGen      total 29184K, used 29155K [0x00000000eab00000, 0x00000000ed180000, 0x0000000100000000)
  eden space 25088K, 100% used [0x00000000eab00000,0x00000000ec380000,0x00000000ec380000)
  from space 4096K, 99% used [0x00000000ec400000,0x00000000ec7f8f78,0x00000000ec800000)
  to   space 7168K, 0% used [0x00000000eca80000,0x00000000eca80000,0x00000000ed180000)
 ParOldGen       total 68608K, used 8972K [0x00000000c0000000, 0x00000000c4300000, 0x00000000eab00000)
  object space 68608K, 13% used [0x00000000c0000000,0x00000000c08c3230,0x00000000c4300000)
 Metaspace       used 33352K, committed 33984K, reserved 1081344K
  class space    used 3397K, committed 3712K, reserved 1048576K
}
Event: 9.614 GC heap after
{Heap after GC invocations=7 (full 1):
 PSYoungGen      total 31744K, used 7100K [0x00000000eab00000, 0x00000000ed200000, 0x0000000100000000)
  eden space 24576K, 0% used [0x00000000eab00000,0x00000000eab00000,0x00000000ec300000)
  from space 7168K, 99% used [0x00000000eca80000,0x00000000ed16f3f0,0x00000000ed180000)
  to   space 7680K, 0% used [0x00000000ec300000,0x00000000ec300000,0x00000000eca80000)
 ParOldGen       total 68608K, used 8980K [0x00000000c0000000, 0x00000000c4300000, 0x00000000eab00000)
  object space 68608K, 13% used [0x00000000c0000000,0x00000000c08c5230,0x00000000c4300000)
 Metaspace       used 33352K, committed 33984K, reserved 1081344K
  class space    used 3397K, committed 3712K, reserved 1048576K
}
Event: 9.768 GC heap before
{Heap before GC invocations=8 (full 1):
 PSYoungGen      total 31744K, used 31676K [0x00000000eab00000, 0x00000000ed200000, 0x0000000100000000)
  eden space 24576K, 100% used [0x00000000eab00000,0x00000000ec300000,0x00000000ec300000)
  from space 7168K, 99% used [0x00000000eca80000,0x00000000ed16f3f0,0x00000000ed180000)
  to   space 7680K, 0% used [0x00000000ec300000,0x00000000ec300000,0x00000000eca80000)
 ParOldGen       total 68608K, used 8980K [0x00000000c0000000, 0x00000000c4300000, 0x00000000eab00000)
  object space 68608K, 13% used [0x00000000c0000000,0x00000000c08c5230,0x00000000c4300000)
 Metaspace       used 33352K, committed 33984K, reserved 1081344K
  class space    used 3397K, committed 3712K, reserved 1048576K
}
Event: 9.782 GC heap after
{Heap after GC invocations=8 (full 1):
 PSYoungGen      total 31744K, used 7676K [0x00000000eab00000, 0x00000000ed780000, 0x0000000100000000)
  eden space 24064K, 0% used [0x00000000eab00000,0x00000000eab00000,0x00000000ec280000)
  from space 7680K, 99% used [0x00000000ec300000,0x00000000eca7f3e0,0x00000000eca80000)
  to   space 10752K, 0% used [0x00000000ecd00000,0x00000000ecd00000,0x00000000ed780000)
 ParOldGen       total 68608K, used 11147K [0x00000000c0000000, 0x00000000c4300000, 0x00000000eab00000)
  object space 68608K, 16% used [0x00000000c0000000,0x00000000c0ae2e30,0x00000000c4300000)
 Metaspace       used 33352K, committed 33984K, reserved 1081344K
  class space    used 3397K, committed 3712K, reserved 1048576K
}
Event: 11.046 GC heap before
{Heap before GC invocations=9 (full 1):
 PSYoungGen      total 31744K, used 31731K [0x00000000eab00000, 0x00000000ed780000, 0x0000000100000000)
  eden space 24064K, 99% used [0x00000000eab00000,0x00000000ec27db98,0x00000000ec280000)
  from space 7680K, 99% used [0x00000000ec300000,0x00000000eca7f3e0,0x00000000eca80000)
  to   space 10752K, 0% used [0x00000000ecd00000,0x00000000ecd00000,0x00000000ed780000)
 ParOldGen       total 68608K, used 11147K [0x00000000c0000000, 0x00000000c4300000, 0x00000000eab00000)
  object space 68608K, 16% used [0x00000000c0000000,0x00000000c0ae2e30,0x00000000c4300000)
 Metaspace       used 34035K, committed 34688K, reserved 1081344K
  class space    used 3479K, committed 3776K, reserved 1048576K
}
Event: 11.061 GC heap after
{Heap after GC invocations=9 (full 1):
 PSYoungGen      total 32768K, used 9036K [0x00000000eab00000, 0x00000000ed600000, 0x0000000100000000)
  eden space 23552K, 0% used [0x00000000eab00000,0x00000000eab00000,0x00000000ec200000)
  from space 9216K, 98% used [0x00000000ecd00000,0x00000000ed5d32c8,0x00000000ed600000)
  to   space 9728K, 0% used [0x00000000ec300000,0x00000000ec300000,0x00000000ecc80000)
 ParOldGen       total 68608K, used 13157K [0x00000000c0000000, 0x00000000c4300000, 0x00000000eab00000)
  object space 68608K, 19% used [0x00000000c0000000,0x00000000c0cd9748,0x00000000c4300000)
 Metaspace       used 34035K, committed 34688K, reserved 1081344K
  class space    used 3479K, committed 3776K, reserved 1048576K
}
Event: 11.765 GC heap before
{Heap before GC invocations=10 (full 1):
 PSYoungGen      total 32768K, used 13181K [0x00000000eab00000, 0x00000000ed600000, 0x0000000100000000)
  eden space 23552K, 17% used [0x00000000eab00000,0x00000000eaf0c208,0x00000000ec200000)
  from space 9216K, 98% used [0x00000000ecd00000,0x00000000ed5d32c8,0x00000000ed600000)
  to   space 9728K, 0% used [0x00000000ec300000,0x00000000ec300000,0x00000000ecc80000)
 ParOldGen       total 68608K, used 13157K [0x00000000c0000000, 0x00000000c4300000, 0x00000000eab00000)
  object space 68608K, 19% used [0x00000000c0000000,0x00000000c0cd9748,0x00000000c4300000)
 Metaspace       used 35257K, committed 35840K, reserved 1081344K
  class space    used 3629K, committed 3904K, reserved 1048576K
}
Event: 11.774 GC heap after
{Heap after GC invocations=10 (full 1):
 PSYoungGen      total 29696K, used 5971K [0x00000000eab00000, 0x00000000ed000000, 0x0000000100000000)
  eden space 23552K, 0% used [0x00000000eab00000,0x00000000eab00000,0x00000000ec200000)
  from space 6144K, 97% used [0x00000000ec300000,0x00000000ec8d4ef8,0x00000000ec900000)
  to   space 7168K, 0% used [0x00000000ec900000,0x00000000ec900000,0x00000000ed000000)
 ParOldGen       total 68608K, used 16530K [0x00000000c0000000, 0x00000000c4300000, 0x00000000eab00000)
  object space 68608K, 24% used [0x00000000c0000000,0x00000000c1024aa0,0x00000000c4300000)
 Metaspace       used 35257K, committed 35840K, reserved 1081344K
  class space    used 3629K, committed 3904K, reserved 1048576K
}
Event: 11.774 GC heap before
{Heap before GC invocations=11 (full 2):
 PSYoungGen      total 29696K, used 5971K [0x00000000eab00000, 0x00000000ed000000, 0x0000000100000000)
  eden space 23552K, 0% used [0x00000000eab00000,0x00000000eab00000,0x00000000ec200000)
  from space 6144K, 97% used [0x00000000ec300000,0x00000000ec8d4ef8,0x00000000ec900000)
  to   space 7168K, 0% used [0x00000000ec900000,0x00000000ec900000,0x00000000ed000000)
 ParOldGen       total 68608K, used 16530K [0x00000000c0000000, 0x00000000c4300000, 0x00000000eab00000)
  object space 68608K, 24% used [0x00000000c0000000,0x00000000c1024aa0,0x00000000c4300000)
 Metaspace       used 35257K, committed 35840K, reserved 1081344K
  class space    used 3629K, committed 3904K, reserved 1048576K
}
Event: 11.860 GC heap after
{Heap after GC invocations=11 (full 2):
 PSYoungGen      total 29696K, used 0K [0x00000000eab00000, 0x00000000ed000000, 0x0000000100000000)
  eden space 23552K, 0% used [0x00000000eab00000,0x00000000eab00000,0x00000000ec200000)
  from space 6144K, 0% used [0x00000000ec300000,0x00000000ec300000,0x00000000ec900000)
  to   space 7168K, 0% used [0x00000000ec900000,0x00000000ec900000,0x00000000ed000000)
 ParOldGen       total 68608K, used 22147K [0x00000000c0000000, 0x00000000c4300000, 0x00000000eab00000)
  object space 68608K, 32% used [0x00000000c0000000,0x00000000c15a0e60,0x00000000c4300000)
 Metaspace       used 35257K, committed 35840K, reserved 1081344K
  class space    used 3629K, committed 3904K, reserved 1048576K
}

